<?xml version="1.0" encoding="UTF-8"?>
<Site BuildName="(empty)"
	BuildStamp="20220502-1918-Experimental"
	Name="(empty)"
	Generator="ctest-3.16.3"
	CompilerName=""
	CompilerVersion=""
	OSName="Linux"
	Hostname="LAPTOP-ABT8QOBC"
	OSRelease="5.10.16.3-microsoft-standard-WSL2"
	OSVersion="#1 SMP Fri Apr 2 22:23:49 UTC 2021"
	OSPlatform="x86_64"
	Is64Bits="1"
	VendorString="GenuineIntel"
	VendorID="Intel Corporation"
	FamilyID="6"
	ModelID="142"
	ProcessorCacheSize="8192"
	NumberOfLogicalCPU="8"
	NumberOfPhysicalCPU="4"
	TotalVirtualMemory="2048"
	TotalPhysicalMemory="6184"
	LogicalProcessorsPerPhysical="2"
	ProcessorClockFrequency="1992.01"
	>
	<Testing>
		<StartDateTime>May 02 21:23 CEST</StartDateTime>
		<StartTestTime>1651519398</StartTestTime>
		<TestList>
			<Test>./test/ExampleTests</Test>
		</TestList>
		<Test Status="failed">
			<Name>ExampleTests</Name>
			<Path>./test</Path>
			<FullName>./test/ExampleTests</FullName>
			<FullCommandLine>/home/hgrel/3IF_wsl/AirWatcher/build/test/ExampleTests</FullCommandLine>
			<Results>
				<NamedMeasurement type="text/string" name="Exit Code">
					<Value>Failed</Value>
				</NamedMeasurement>
				<NamedMeasurement type="text/string" name="Exit Value">
					<Value>1</Value>
				</NamedMeasurement>
				<NamedMeasurement type="numeric/double" name="Execution Time">
					<Value>0.0043467</Value>
				</NamedMeasurement>
				<NamedMeasurement type="numeric/double" name="Processors">
					<Value>1</Value>
				</NamedMeasurement>
				<NamedMeasurement type="text/string" name="Completion Status">
					<Value>Completed</Value>
				</NamedMeasurement>
				<NamedMeasurement type="text/string" name="Command Line">
					<Value>/home/hgrel/3IF_wsl/AirWatcher/build/test/ExampleTests</Value>
				</NamedMeasurement>
				<Measurement>
					<Value encoding="base64" compression="gzip">eJy9Ul1rwjAUfc+vuI8Ks9V9PRT2UFg7hDGGuu1BRGK8bQNp0uVD3b9fatXZsaHsYRcSbpJzz8lJ7shJyWUOJeWy04VMqxLCQpUYFrlGEV4N0/naiDDm+o1aVqAOc6VygRaNPU6NZmFeZ/OaKmCMTO8OMYPRTmcANabR2eXGcYsBmfYOMYMHoRZUNOcoV1wrWaL0WLQ9V30DH3MmG1pWAid+w5ApjF6eYBuz1klQzwNywujWV6uMVVV0HUFKuXAaSbKpkFlcAr47Krj9AJWBLdAgrKhwaCICMPDj8m9SN/8ndfsl9VrzefoIMioMes6YWS+6X++vEoHVDv0jQxoPH5P7nx8ZOn0oTfe8H2vAYJWlokvOawmLVPeWai3bDfdbo4GmMmjreAfP8XjcOOhvsSZo+2oYLkBwU3/CAoVaR6esE+LrdoBJMp6QT5VzHOM=</Value>
				</Measurement>
			</Results>
		</Test>
		<EndDateTime>May 02 21:23 CEST</EndDateTime>
		<EndTestTime>1651519398</EndTestTime>
		<ElapsedMinutes>0</ElapsedMinutes>
	</Testing>
</Site>
