<?xml version="1.0" encoding="UTF-8"?>
<Site BuildName="(empty)"
	BuildStamp="20240621-0730-Experimental"
	Name="(empty)"
	Generator="ctest-3.16.3"
	CompilerName=""
	CompilerVersion=""
	OSName="Linux"
	Hostname="LAPTOP-ABT8QOBC"
	OSRelease="5.15.153.1-microsoft-standard-WSL2"
	OSVersion="#1 SMP Fri Mar 29 23:14:13 UTC 2024"
	OSPlatform="x86_64"
	Is64Bits="1"
	VendorString="GenuineIntel"
	VendorID="Intel Corporation"
	FamilyID="6"
	ModelID="142"
	ProcessorCacheSize="8192"
	NumberOfLogicalCPU="8"
	NumberOfPhysicalCPU="4"
	TotalVirtualMemory="1024"
	TotalPhysicalMemory="3818"
	LogicalProcessorsPerPhysical="2"
	ProcessorClockFrequency="1992.01"
	>
	<Testing>
		<StartDateTime>Jun 21 09:30 CEST</StartDateTime>
		<StartTestTime>1718955051</StartTestTime>
		<TestList/>
		<EndDateTime>Jun 21 09:30 CEST</EndDateTime>
		<EndTestTime>1718955051</EndTestTime>
		<ElapsedMinutes>0</ElapsedMinutes>
	</Testing>
</Site>
